<ul>
        <li>Runtime: 0.001s</li>
        <li>Failures: <ul><li><pre>def test_upper():
&gt;       assert &quot;foo&quot;.upper() == &quot;FoO&quot;
E       AssertionError: assert &#x27;FOO&#x27; == &#x27;FoO&#x27;
E         - FoO
E         + FOO

test_str.py:5: AssertionError</pre></li></ul></li>
    </ul>